<?xml version="1.0" encoding="UTF-8"?>
<!-- Generated by org.testng.reporters.JUnitReportReporter -->
<testsuite hostname="sandeep" failures="0" tests="21" name="runners.TestRunner" time="245.157" errors="0" timestamp="2026-05-25T18:57:56 IST" skipped="0">
  <testcase classname="runners.TestRunner" name="runScenario" time="14.018"/>
  <testcase classname="runners.TestRunner" name="runScenario" time="6.007"/>
  <testcase classname="runners.TestRunner" name="runScenario" time="8.149"/>
  <testcase classname="runners.TestRunner" name="runScenario" time="6.634"/>
  <testcase classname="runners.TestRunner" name="runScenario" time="7.481"/>
  <testcase classname="runners.TestRunner" name="runScenario" time="11.200"/>
  <testcase classname="runners.TestRunner" name="runScenario" time="10.876"/>
  <testcase classname="runners.TestRunner" name="runScenario" time="18.403"/>
  <testcase classname="runners.TestRunner" name="runScenario" time="7.304"/>
  <testcase classname="runners.TestRunner" name="runScenario" time="8.828"/>
  <testcase classname="runners.TestRunner" name="runScenario" time="16.682"/>
  <testcase classname="runners.TestRunner" name="runScenario" time="8.041"/>
  <testcase classname="runners.TestRunner" name="runScenario" time="9.116"/>
  <testcase classname="runners.TestRunner" name="runScenario" time="9.337"/>
  <testcase classname="runners.TestRunner" name="runScenario" time="7.768"/>
  <testcase classname="runners.TestRunner" name="runScenario" time="9.453"/>
  <testcase classname="runners.TestRunner" name="runScenario" time="16.014"/>
  <testcase classname="runners.TestRunner" name="runScenario" time="9.264"/>
  <testcase classname="runners.TestRunner" name="runScenario" time="21.224"/>
  <testcase classname="runners.TestRunner" name="runScenario" time="17.841"/>
  <testcase classname="runners.TestRunner" name="runScenario" time="21.517"/>
</testsuite> <!-- runners.TestRunner -->
