<?xml version="1.0" encoding="UTF-8"?>
<!-- Generated by org.testng.reporters.JUnitReportReporter -->
<testsuite hostname="sandeep" failures="0" tests="21" name="runners.TestRunner" time="377.626" errors="0" timestamp="2026-05-23T23:11:14 IST" skipped="0">
  <testcase classname="runners.TestRunner" name="runScenario" time="8.601"/>
  <testcase classname="runners.TestRunner" name="runScenario" time="11.702"/>
  <testcase classname="runners.TestRunner" name="runScenario" time="8.142"/>
  <testcase classname="runners.TestRunner" name="runScenario" time="10.195"/>
  <testcase classname="runners.TestRunner" name="runScenario" time="6.749"/>
  <testcase classname="runners.TestRunner" name="runScenario" time="6.460"/>
  <testcase classname="runners.TestRunner" name="runScenario" time="7.371"/>
  <testcase classname="runners.TestRunner" name="runScenario" time="6.178"/>
  <testcase classname="runners.TestRunner" name="runScenario" time="31.260"/>
  <testcase classname="runners.TestRunner" name="runScenario" time="7.861"/>
  <testcase classname="runners.TestRunner" name="runScenario" time="8.070"/>
  <testcase classname="runners.TestRunner" name="runScenario" time="12.078"/>
  <testcase classname="runners.TestRunner" name="runScenario" time="43.357"/>
  <testcase classname="runners.TestRunner" name="runScenario" time="7.895"/>
  <testcase classname="runners.TestRunner" name="runScenario" time="9.775"/>
  <testcase classname="runners.TestRunner" name="runScenario" time="11.507"/>
  <testcase classname="runners.TestRunner" name="runScenario" time="103.623"/>
  <testcase classname="runners.TestRunner" name="runScenario" time="11.952"/>
  <testcase classname="runners.TestRunner" name="runScenario" time="19.895"/>
  <testcase classname="runners.TestRunner" name="runScenario" time="35.742"/>
  <testcase classname="runners.TestRunner" name="runScenario" time="9.213"/>
</testsuite> <!-- runners.TestRunner -->
